<?xml version="1.0" encoding="UTF-8"?>
<testng-results ignored="0" total="1" passed="1" failed="0" skipped="0">
  <reporter-output>
  </reporter-output>
  <suite started-at="2023-10-11T19:59:04 IST" name="Default suite" finished-at="2023-10-11T19:59:20 IST" duration-ms="15829">
    <groups>
    </groups>
    <test started-at="2023-10-11T19:59:04 IST" name="Default test" finished-at="2023-10-11T19:59:20 IST" duration-ms="15829">
      <class name="oct11th.MouseHover">
        <test-method is-config="true" signature="setUp()[pri:0, instance:oct11th.MouseHover@272ed83b]" started-at="2023-10-11T19:59:04 IST" name="setUp" finished-at="2023-10-11T19:59:08 IST" duration-ms="4201" status="PASS">
          <reporter-output>
          </reporter-output>
        </test-method> <!-- setUp -->
        <test-method signature="mouseHoverTest()[pri:0, instance:oct11th.MouseHover@272ed83b]" started-at="2023-10-11T19:59:08 IST" name="mouseHoverTest" finished-at="2023-10-11T19:59:20 IST" duration-ms="11184" status="PASS">
          <reporter-output>
          </reporter-output>
        </test-method> <!-- mouseHoverTest -->
        <test-method is-config="true" signature="teardown()[pri:0, instance:oct11th.MouseHover@272ed83b]" started-at="2023-10-11T19:59:20 IST" name="teardown" finished-at="2023-10-11T19:59:20 IST" duration-ms="400" status="PASS">
          <reporter-output>
          </reporter-output>
        </test-method> <!-- teardown -->
      </class> <!-- oct11th.MouseHover -->
    </test> <!-- Default test -->
  </suite> <!-- Default suite -->
</testng-results>
