<?xml version="1.0" encoding="UTF-8"?>
<testng-results ignored="0" total="1" passed="1" failed="0" skipped="0">
  <reporter-output>
  </reporter-output>
  <suite started-at="2023-10-16T20:10:03 IST" name="Default suite" finished-at="2023-10-16T20:10:24 IST" duration-ms="21022">
    <groups>
    </groups>
    <test started-at="2023-10-16T20:10:03 IST" name="Default test" finished-at="2023-10-16T20:10:24 IST" duration-ms="21022">
      <class name="oct16th.FrameHandling2">
        <test-method is-config="true" signature="setUp()[pri:0, instance:oct16th.FrameHandling2@2cd2a21f]" started-at="2023-10-16T20:10:03 IST" name="setUp" finished-at="2023-10-16T20:10:14 IST" duration-ms="10708" status="PASS">
          <reporter-output>
          </reporter-output>
        </test-method> <!-- setUp -->
        <test-method signature="mouseHoverTest()[pri:0, instance:oct16th.FrameHandling2@2cd2a21f]" started-at="2023-10-16T20:10:14 IST" name="mouseHoverTest" finished-at="2023-10-16T20:10:24 IST" duration-ms="9881" status="PASS">
          <reporter-output>
          </reporter-output>
        </test-method> <!-- mouseHoverTest -->
        <test-method is-config="true" signature="teardown()[pri:0, instance:oct16th.FrameHandling2@2cd2a21f]" started-at="2023-10-16T20:10:24 IST" name="teardown" finished-at="2023-10-16T20:10:24 IST" duration-ms="388" status="PASS">
          <reporter-output>
          </reporter-output>
        </test-method> <!-- teardown -->
      </class> <!-- oct16th.FrameHandling2 -->
    </test> <!-- Default test -->
  </suite> <!-- Default suite -->
</testng-results>
